<?xml version="1.0" encoding="UTF-8"?>
<!-- Generated by org.testng.reporters.JUnitReportReporter -->
<testsuite skipped="0" hostname="DESKTOP-SVEQDNH" name="com.training.sanity.tests.LoginTests" tests="1" failures="0" timestamp="20 Jun 2019 05:26:03 GMT" time="20.102" errors="0">
  <testcase name="validLoginTest" time="20.102" classname="com.training.sanity.tests.LoginTests"/>
</testsuite> <!-- com.training.sanity.tests.LoginTests -->
